assistwalk.fs: filename too long to tack on .Z
t.sdbcontinue: filename too long to tack on .Z
V2.__sscans.c: filename too long to tack on .Z
V2._sprintw.c: filename too long to tack on .Z
V3.m_addstr.c: filename too long to tack on .Z
V3.m_initscr.c: filename too long to tack on .Z
V3.m_newterm.c: filename too long to tack on .Z
V3.m_refresh.c: filename too long to tack on .Z
V3.pechochar.c: filename too long to tack on .Z
V3.upd_old_y.c: filename too long to tack on .Z
V3.wattroff.c: filename too long to tack on .Z
V3.wattrset.c: filename too long to tack on .Z
V3.wechochar.c: filename too long to tack on .Z
_del_curterm.c: filename too long to tack on .Z
_garbagdlins.c: filename too long to tack on .Z
_garbagedwin.c: filename too long to tack on .Z
_mvaddchnstr.c: filename too long to tack on .Z
_mvaddchstr.c: filename too long to tack on .Z
_mvinchnstr.c: filename too long to tack on .Z
_mvwaddchnst.c: filename too long to tack on .Z
_mvwaddchstr.c: filename too long to tack on .Z
_mvwaddnstr.c: filename too long to tack on .Z
_mvwinchnst.c: filename too long to tack on .Z
_mvwinchstr.c: filename too long to tack on .Z
_mvwinsnstr.c: filename too long to tack on .Z
_scr_restore.c: filename too long to tack on .Z
_set_curterm.c: filename too long to tack on .Z
scr_ll_dump.c: filename too long to tack on .Z
setcurscreen.c: filename too long to tack on .Z
slk_noutref.c: filename too long to tack on .Z
slk_refresh.c: filename too long to tack on .Z
slk_restore.c: filename too long to tack on .Z
ns_sendpass.c: filename too long to tack on .Z
t_rcvconnect.c: filename too long to tack on .Z
perkinelmer.ti: filename too long to tack on .Z
